        ___
       __H__
 ___ ___[(]_____ ___ ___  {1.10.2#pip}
|_ -| . [.]     | .'| . |
|___|_  [.]_|_|_|__,|  _|
      |_|V...       |_|   https://sqlmap.org

[!] legal disclaimer: Usage of sqlmap for attacking targets without prior mutual consent is illegal. It is the end user's responsibility to obey all applicable local, state and federal laws. Developers assume no liability and are not responsible for any misuse or damage caused by this program

[*] starting @ 14:43:26 /2026-03-05/

(B)0[?1049h[1;24r[m[4l[24;1H[?1049l[?1l>[14:43:27] [WARNING] using '/home/user4fab3efa/glitchWebServer/scanner-research/vuln-results/sqlmap-sqli-results' as the output directory
[1/1] URL:
GET http://localhost:8765/vuln/a03/sqli?id=1
do you want to test this URL? [Y/n/q]
> Y
[14:43:27] [INFO] testing URL 'http://localhost:8765/vuln/a03/sqli?id=1'
[14:43:27] [INFO] using '/home/user4fab3efa/glitchWebServer/scanner-research/vuln-results/sqlmap-sqli-results/results-03052026_0243pm.csv' as the CSV results file in multiple targets mode
[14:43:27] [INFO] testing connection to the target URL
[14:43:29] [ERROR] unable to retrieve page content, skipping to the next target
[14:43:29] [WARNING] HTTP error codes detected during run:
102 (Processing) - 1 times
[14:43:29] [INFO] you can find results of scanning in multiple targets mode inside the CSV file '/home/user4fab3efa/glitchWebServer/scanner-research/vuln-results/sqlmap-sqli-results/results-03052026_0243pm.csv'

[*] ending @ 14:43:29 /2026-03-05/

